<?xml version="1.0" encoding="UTF-8"?>
<!-- Generated by org.testng.reporters.JUnitReportReporter -->
<testsuite skipped="0" hostname="Nephilim" name="org.example.runner.TestRunner" tests="18" failures="2" timestamp="2022-06-29T21:35:58 EET" time="242.729" errors="1">
  <testcase name="runScenario" time="14.994" classname="org.example.runner.TestRunner"/>
  <system-out/>
  <testcase name="runScenario" time="12.001" classname="org.example.runner.TestRunner"/>
  <system-out/>
  <testcase name="runScenario" time="13.286" classname="org.example.runner.TestRunner"/>
  <system-out/>
  <testcase name="runScenario" time="13.457" classname="org.example.runner.TestRunner"/>
  <system-out/>
  <testcase name="runScenario" time="13.580" classname="org.example.runner.TestRunner"/>
  <system-out/>
  <testcase name="runScenario" time="14.970" classname="org.example.runner.TestRunner"/>
  <system-out/>
  <testcase name="runScenario" time="13.723" classname="org.example.runner.TestRunner"/>
  <system-out/>
  <testcase name="runScenario" time="14.720" classname="org.example.runner.TestRunner"/>
  <system-out/>
  <testcase name="runScenario" time="11.781" classname="org.example.runner.TestRunner"/>
  <system-out/>
  <testcase name="runScenario" time="8.383" classname="org.example.runner.TestRunner">
    <error type="java.lang.IndexOutOfBoundsException" message="Index: 2, Size: 2">
      <![CDATA[java.lang.IndexOutOfBoundsException: Index: 2, Size: 2
at java.util.ArrayList.rangeCheck(ArrayList.java:659)
at java.util.ArrayList.get(ArrayList.java:435)
at org.example.stepDefinitions.D06_HomeSliders.selectSlider(D06_HomeSliders.java:16)
at ✽.user select a slider "2"(file:///F:/Learning/Courses/EgyptFWD/SecondProject/E-CommerceAppAutomated/src/main/resources/features/F06_HomeSliders.feature:5)
]]>
    </error>
  </testcase> <!-- runScenario -->
  <system-out/>
  <testcase name="runScenario" time="11.453" classname="org.example.runner.TestRunner"/>
  <system-out/>
  <testcase name="runScenario" time="13.062" classname="org.example.runner.TestRunner"/>
  <system-out/>
  <testcase name="runScenario" time="22.101" classname="org.example.runner.TestRunner"/>
  <system-out/>
  <testcase name="runScenario" time="12.400" classname="org.example.runner.TestRunner">
    <failure type="java.lang.AssertionError" message="user redirected to wrong webpage expected [https://demo.nopcommerce.com/new-online-store-is-open] but found [https://demo.nopcommerce.com/news/rss/1]">
      <![CDATA[java.lang.AssertionError: user redirected to wrong webpage expected [https://demo.nopcommerce.com/new-online-store-is-open] but found [https://demo.nopcommerce.com/news/rss/1]
at org.testng.Assert.fail(Assert.java:99)
at org.testng.Assert.failNotEquals(Assert.java:1037)
at org.testng.Assert.assertEqualsImpl(Assert.java:140)
at org.testng.Assert.assertEquals(Assert.java:122)
at org.testng.Assert.assertEquals(Assert.java:629)
at org.example.stepDefinitions.D07_FollowUs.directPage(D07_FollowUs.java:29)
at ✽.user should be redirected to the required page "https://demo.nopcommerce.com/new-online-store-is-open"(file:///F:/Learning/Courses/EgyptFWD/SecondProject/E-CommerceAppAutomated/src/main/resources/features/F07_FollowUs.feature:6)
]]>
    </failure>
  </testcase> <!-- runScenario -->
  <system-out/>
  <testcase name="runScenario" time="15.384" classname="org.example.runner.TestRunner"/>
  <system-out/>
  <testcase name="runScenario" time="15.292" classname="org.example.runner.TestRunner"/>
  <system-out/>
  <testcase name="runScenario" time="9.845" classname="org.example.runner.TestRunner">
    <failure type="java.lang.AssertionError" message="user can not navigate to the required page expected [https://demo.nopcommerce.com/nokia-lumia-1020] but found [https://demo.nopcommerce.com/]">
      <![CDATA[java.lang.AssertionError: user can not navigate to the required page expected [https://demo.nopcommerce.com/nokia-lumia-1020] but found [https://demo.nopcommerce.com/]
at org.testng.Assert.fail(Assert.java:99)
at org.testng.Assert.failNotEquals(Assert.java:1037)
at org.testng.Assert.assertEqualsImpl(Assert.java:140)
at org.testng.Assert.assertEquals(Assert.java:122)
at org.testng.Assert.assertEquals(Assert.java:629)
at org.example.stepDefinitions.D06_HomeSliders.directItemPage(D06_HomeSliders.java:26)
at ✽.user should be redirected to the item page "https://demo.nopcommerce.com/nokia-lumia-1020"(file:///F:/Learning/Courses/EgyptFWD/SecondProject/E-CommerceAppAutomated/src/main/resources/features/F06_HomeSliders.feature:7)
]]>
    </failure>
  </testcase> <!-- runScenario -->
  <system-out/>
  <testcase name="runScenario" time="12.297" classname="org.example.runner.TestRunner"/>
  <system-out/>
</testsuite> <!-- org.example.runner.TestRunner -->
